TN:
SF:/Users/sidney/projects/vodafone-ngcp/aws_cloud_setup/awsx/src/cmd.rs
FNF:0
DA:14,6
DA:15,6
DA:17,16
DA:18,6
DA:21,2
DA:22,4
DA:25,3
DA:30,3
DA:31,3
DA:33,3
DA:36,14
DA:37,28
DA:39,20
DA:40,6
DA:41,6
DA:45,14
DA:48,14
DA:49,14
DA:50,14
DA:51,14
DA:52,14
DA:53,14
DA:54,44
DA:57,14
DA:58,14
DA:59,14
DA:61,14
DA:63,14
DA:66,28
DA:67,28
DA:68,28
DA:70,76
DA:71,96
DA:72,48
DA:73,0
DA:75,48
DA:80,42
DA:81,42
DA:82,42
DA:83,42
DA:84,42
DA:88,14
DA:93,14
DA:94,28
DA:95,14
DA:96,14
LF:46
LH:45
end_of_record
TN:
SF:/Users/sidney/projects/vodafone-ngcp/aws_cloud_setup/awsx/src/config/getters.rs
FNF:0
DA:10,120
DA:11,120
DA:12,120
DA:14,478
DA:17,4
DA:18,4
DA:20,28
DA:23,4
DA:24,12
DA:25,8
DA:26,3
DA:27,5
DA:30,1
DA:33,0
DA:34,0
DA:35,0
DA:37,0
DA:38,0
DA:39,0
DA:41,0
DA:44,0
DA:47,28
DA:48,28
DA:51,64
DA:52,36
DA:53,54
DA:54,18
DA:55,36
DA:56,18
DA:58,36
DA:60,36
DA:61,8
DA:62,0
DA:64,8
DA:69,290
DA:74,290
DA:75,579
DA:76,152
DA:78,139
DA:80,769
DA:81,144
DA:82,84
DA:83,56
DA:84,2
DA:88,111
DA:92,111
DA:93,222
DA:94,97
DA:95,23
DA:96,74
DA:97,0
DA:101,36
DA:106,36
DA:107,72
DA:108,29
DA:110,7
DA:112,99
DA:113,21
DA:114,14
DA:116,7
DA:117,7
DA:118,0
DA:123,9
DA:127,9
DA:128,18
DA:129,8
DA:130,6
DA:132,2
DA:133,2
DA:134,0
DA:139,12
DA:143,12
DA:144,12
DA:145,30
DA:150,497
DA:151,497
DA:152,220
DA:153,277
DA:157,284
DA:158,284
DA:159,284
DA:161,284
DA:162,1000
DA:165,668
DA:166,284
DA:168,284
LF:86
LH:74
end_of_record
TN:
SF:/Users/sidney/projects/vodafone-ngcp/aws_cloud_setup/awsx/src/config/init.rs
FNF:0
DA:9,0
DA:10,0
DA:16,10
DA:18,10
DA:22,8
DA:23,16
DA:26,16
DA:28,8
DA:30,8
DA:31,14
DA:32,0
DA:35,7
DA:36,37
DA:37,37
DA:38,46
DA:39,18
DA:40,18
DA:41,9
DA:45,37
DA:46,7
DA:50,1
DA:53,8
DA:56,10
DA:57,10
DA:58,10
DA:60,20
DA:61,0
DA:67,0
LF:28
LH:23
end_of_record
TN:
SF:/Users/sidney/projects/vodafone-ngcp/aws_cloud_setup/awsx/src/config/options.rs
FNF:0
DA:11,23
DA:13,23
DA:25,27
DA:26,6
DA:28,30
DA:30,15
DA:31,45
DA:32,15
DA:33,15
DA:36,15
DA:39,15
LF:11
LH:11
end_of_record
TN:
SF:/Users/sidney/projects/vodafone-ngcp/aws_cloud_setup/awsx/src/config/setters.rs
FNF:0
DA:8,19
DA:9,19
DA:10,19
DA:12,22
DA:13,3
DA:14,3
DA:16,16
DA:17,7
DA:18,7
DA:19,7
DA:20,7
DA:22,9
DA:24,9
DA:25,9
DA:26,9
DA:33,16
DA:34,16
DA:35,16
DA:37,16
DA:39,16
DA:40,38
DA:41,11
DA:42,11
DA:43,11
DA:46,16
DA:49,18
DA:53,18
DA:55,36
DA:56,18
DA:58,18
DA:62,0
DA:65,18
DA:66,7
DA:67,7
DA:68,7
DA:69,7
DA:70,7
DA:71,7
DA:73,7
DA:75,0
DA:81,13
DA:82,9
LF:42
LH:40
end_of_record
TN:
SF:/Users/sidney/projects/vodafone-ngcp/aws_cloud_setup/awsx/src/ec2/cli.rs
FNF:0
DA:73,0
DA:79,0
DA:81,0
DA:83,0
DA:84,0
DA:85,0
DA:88,0
DA:90,0
DA:91,0
DA:94,0
DA:95,0
DA:98,0
DA:100,0
DA:103,0
DA:104,0
DA:105,0
DA:106,0
DA:108,0
DA:109,0
DA:110,0
DA:111,0
DA:112,0
DA:113,0
DA:114,0
DA:116,0
DA:117,0
DA:118,0
DA:122,0
DA:124,0
DA:126,0
LF:30
LH:0
end_of_record
TN:
SF:/Users/sidney/projects/vodafone-ngcp/aws_cloud_setup/awsx/src/stack/cli.rs
FNF:0
DA:9,0
DA:14,0
DA:16,0
DA:18,0
DA:20,0
DA:22,0
DA:23,0
DA:26,0
DA:27,0
DA:28,0
DA:30,0
DA:33,0
DA:35,0
DA:40,0
DA:41,0
DA:42,0
DA:44,0
DA:47,0
DA:48,0
DA:51,0
DA:52,0
DA:53,0
DA:55,0
DA:58,0
DA:60,0
DA:63,0
DA:68,0
DA:70,0
DA:72,0
DA:74,0
DA:75,0
DA:77,0
DA:78,0
DA:80,0
DA:81,0
DA:82,0
DA:83,0
DA:85,0
DA:87,0
DA:88,0
DA:92,0
DA:93,0
DA:97,4
DA:98,4
DA:100,4
DA:103,6
DA:105,2
LF:47
LH:5
end_of_record
TN:
SF:/Users/sidney/projects/vodafone-ngcp/aws_cloud_setup/awsx/src/stack/util.rs
FNF:0
DA:25,2
DA:26,2
DA:29,2
DA:30,2
DA:31,12
DA:42,1
DA:44,5
DA:45,4
DA:46,4
DA:47,12
DA:48,4
DA:51,5
DA:52,4
DA:53,4
DA:54,8
DA:55,6
DA:56,2
DA:57,2
DA:58,2
DA:59,2
DA:60,2
DA:62,6
DA:63,2
DA:67,2
DA:74,3
DA:77,6
DA:78,1
DA:79,1
DA:81,4
DA:83,2
DA:84,2
DA:89,2
DA:90,2
DA:91,2
DA:92,2
DA:93,2
DA:94,4
DA:95,2
DA:96,2
DA:97,2
DA:98,9
DA:99,7
DA:100,0
DA:102,2
LF:44
LH:43
end_of_record
