TN:
SF:/Users/sidney/projects/vodafone-ngcp/awsx/src/bucket/cli.rs
FNF:0
DA:4,0
DA:5,0
DA:7,0
DA:9,0
DA:10,0
DA:11,0
DA:14,0
DA:16,0
LF:8
LH:0
end_of_record
TN:
SF:/Users/sidney/projects/vodafone-ngcp/awsx/src/cmd.rs
FNF:0
DA:14,6
DA:15,6
DA:17,16
DA:18,6
DA:21,2
DA:22,4
DA:25,3
DA:30,3
DA:31,3
DA:33,3
DA:36,14
DA:37,28
DA:39,20
DA:40,6
DA:41,6
DA:45,14
DA:48,14
DA:49,14
DA:51,14
DA:52,14
DA:53,14
DA:55,14
DA:58,42
DA:59,42
DA:60,42
DA:61,42
DA:62,42
DA:66,14
DA:71,14
DA:72,28
DA:73,14
DA:74,14
LF:32
LH:32
end_of_record
TN:
SF:/Users/sidney/projects/vodafone-ngcp/awsx/src/config/getters.rs
FNF:0
DA:14,120
DA:15,120
DA:17,478
DA:20,4
DA:21,4
DA:23,28
DA:26,4
DA:27,12
DA:28,8
DA:29,3
DA:30,5
DA:33,1
DA:36,0
DA:37,0
DA:38,0
DA:40,0
DA:41,0
DA:42,0
DA:44,0
DA:47,0
DA:50,14
DA:51,14
DA:52,14
DA:53,14
DA:54,14
DA:55,14
DA:56,44
DA:58,14
DA:61,28
DA:62,28
DA:64,28
DA:65,96
DA:66,48
DA:67,0
DA:69,48
DA:74,28
DA:75,28
DA:78,64
DA:79,36
DA:80,54
DA:81,18
DA:82,36
DA:83,18
DA:85,36
DA:87,36
DA:88,8
DA:89,0
DA:91,8
DA:96,290
DA:101,290
DA:102,579
DA:103,152
DA:105,139
DA:107,769
DA:108,142
DA:109,84
DA:110,56
DA:111,2
DA:115,111
DA:119,111
DA:120,222
DA:121,97
DA:122,23
DA:123,74
DA:124,0
DA:128,36
DA:133,36
DA:134,72
DA:135,29
DA:137,7
DA:139,99
DA:140,21
DA:141,14
DA:143,7
DA:144,7
DA:145,0
DA:150,9
DA:154,9
DA:155,18
DA:156,8
DA:157,6
DA:159,2
DA:160,2
DA:161,0
DA:166,12
DA:170,12
DA:171,12
DA:172,30
DA:177,495
DA:178,495
DA:179,220
DA:180,275
DA:184,164
DA:185,164
DA:186,164
DA:188,164
DA:189,566
DA:192,378
DA:193,164
DA:195,164
LF:100
LH:87
end_of_record
TN:
SF:/Users/sidney/projects/vodafone-ngcp/awsx/src/config/init.rs
FNF:0
DA:9,0
DA:10,0
DA:16,10
DA:18,10
DA:22,8
DA:23,16
DA:26,16
DA:28,8
DA:30,8
DA:31,14
DA:32,0
DA:35,7
DA:36,37
DA:37,37
DA:38,46
DA:39,18
DA:40,18
DA:41,9
DA:45,37
DA:46,7
DA:50,1
DA:53,8
DA:56,9
DA:57,9
DA:58,9
DA:60,18
DA:61,0
DA:67,0
LF:28
LH:23
end_of_record
TN:
SF:/Users/sidney/projects/vodafone-ngcp/awsx/src/config/options.rs
FNF:0
DA:11,21
DA:13,21
DA:25,25
DA:26,6
DA:28,26
DA:30,13
DA:31,52
DA:32,26
DA:33,13
DA:36,13
DA:39,13
LF:11
LH:11
end_of_record
TN:
SF:/Users/sidney/projects/vodafone-ngcp/awsx/src/config/setters.rs
FNF:0
DA:8,19
DA:9,19
DA:10,19
DA:12,22
DA:13,3
DA:14,3
DA:16,16
DA:17,7
DA:18,7
DA:19,7
DA:20,7
DA:22,9
DA:24,9
DA:25,9
DA:26,9
DA:33,16
DA:34,16
DA:35,16
DA:37,16
DA:39,16
DA:40,38
DA:41,11
DA:42,11
DA:43,11
DA:46,16
DA:49,18
DA:53,18
DA:55,36
DA:56,18
DA:58,18
DA:62,0
DA:65,18
DA:66,7
DA:67,7
DA:68,7
DA:69,7
DA:70,7
DA:71,7
DA:73,7
DA:75,0
DA:81,13
DA:82,9
LF:42
LH:40
end_of_record
TN:
SF:/Users/sidney/projects/vodafone-ngcp/awsx/src/ec2/cli.rs
FNF:0
DA:8,0
DA:9,0
DA:10,0
DA:11,0
DA:12,0
DA:13,0
DA:14,0
DA:15,0
DA:16,0
DA:17,0
DA:18,0
DA:19,0
DA:20,0
DA:21,0
DA:23,0
DA:24,0
DA:25,0
DA:26,0
DA:27,0
DA:28,0
DA:29,0
DA:31,0
DA:32,0
DA:34,0
DA:35,0
DA:36,0
DA:37,0
DA:42,0
DA:44,0
DA:45,0
DA:46,0
DA:48,0
DA:49,0
DA:50,0
DA:52,0
DA:55,0
DA:56,0
DA:57,0
DA:58,0
DA:62,0
DA:64,0
DA:65,0
DA:66,0
DA:68,0
DA:70,0
DA:72,0
DA:75,0
DA:81,0
DA:83,0
DA:85,0
DA:86,0
DA:87,0
DA:90,0
DA:92,0
DA:93,0
DA:96,0
DA:97,0
DA:100,0
DA:102,0
DA:105,0
DA:106,0
DA:107,0
DA:108,0
DA:110,0
DA:111,0
DA:112,0
DA:113,0
DA:114,0
DA:115,0
DA:116,0
DA:118,0
DA:119,0
DA:120,0
DA:124,0
DA:126,0
DA:128,0
LF:76
LH:0
end_of_record
TN:
SF:/Users/sidney/projects/vodafone-ngcp/awsx/src/stack/cli.rs
FNF:0
DA:9,0
DA:14,0
DA:16,0
DA:18,0
DA:20,0
DA:22,0
DA:23,0
DA:26,0
DA:27,0
DA:28,0
DA:30,0
DA:33,0
DA:35,0
DA:40,0
DA:41,0
DA:42,0
DA:44,0
DA:47,0
DA:48,0
DA:51,0
DA:52,0
DA:53,0
DA:55,0
DA:58,0
DA:60,0
DA:63,0
DA:68,0
DA:70,0
DA:72,0
DA:74,0
DA:75,0
DA:77,0
DA:78,0
DA:80,0
DA:81,0
DA:82,0
DA:83,0
DA:85,0
DA:87,0
DA:88,0
DA:92,0
DA:93,0
DA:97,2
DA:98,2
DA:100,2
DA:103,3
DA:105,1
LF:47
LH:5
end_of_record
TN:
SF:/Users/sidney/projects/vodafone-ngcp/awsx/src/stack/util.rs
FNF:0
DA:25,2
DA:26,2
DA:29,2
DA:30,2
DA:31,12
DA:42,1
DA:44,5
DA:45,4
DA:46,4
DA:47,12
DA:48,4
DA:51,5
DA:52,4
DA:53,4
DA:54,8
DA:55,6
DA:56,2
DA:57,2
DA:58,2
DA:59,2
DA:60,2
DA:62,6
DA:63,2
DA:67,2
DA:74,3
DA:77,6
DA:78,1
DA:79,1
DA:81,4
DA:83,2
DA:84,2
DA:89,2
DA:90,2
DA:91,2
DA:92,2
DA:93,2
DA:94,4
DA:95,2
DA:96,2
DA:97,2
DA:98,9
DA:99,7
DA:100,0
DA:102,2
LF:44
LH:43
end_of_record
TN:
SF:/Users/sidney/projects/vodafone-ngcp/awsx/src/substitute.rs
FNF:0
DA:5,0
DA:6,0
DA:7,0
DA:9,0
DA:10,0
DA:12,0
DA:13,0
DA:15,0
DA:16,0
DA:17,0
DA:19,0
DA:22,0
DA:24,0
LF:13
LH:0
end_of_record
